<?xml version="1.0" encoding="UTF-8"?>
<!-- Generated by org.testng.reporters.JUnitXMLReporter -->
<testsuite ignored="0" hostname="DESKTOP-NMCT7KP" failures="0" tests="4" name="Test" time="83.784" errors="0" timestamp="2024-07-05T11:17:00 IST">
  <testcase classname="com.TestCase.indexPage" name="VerifyRegister" time="12.985"/>
  <testcase classname="com.TestCase.verifyLogin" name="verifylogin" time="3.832"/>
  <testcase classname="com.TestCase.searchProduct" name="serachProducts" time="8.502"/>
  <testcase classname="com.TestCase.buyProduct" name="BuyProduct" time="6.471"/>
</testsuite> <!-- Test -->
