<?xml version="1.0" encoding="UTF-8"?>
<testng-results ignored="0" total="4" passed="4" failed="0" skipped="0">
  <reporter-output>
  </reporter-output>
  <suite started-at="2024-07-05T11:15:36 IST" name="Suite" finished-at="2024-07-05T11:17:00 IST" duration-ms="83784">
    <groups>
    </groups>
    <test started-at="2024-07-05T11:15:36 IST" name="Test" finished-at="2024-07-05T11:17:00 IST" duration-ms="83784">
      <class name="com.TestCase.searchProduct">
        <test-method is-config="true" signature="setUp()[pri:0, instance:com.TestCase.searchProduct@479d31f3]" started-at="2024-07-05T11:16:19 IST" name="setUp" finished-at="2024-07-05T11:16:32 IST" duration-ms="12997" status="PASS">
          <reporter-output>
          </reporter-output>
        </test-method> <!-- setUp -->
        <test-method signature="serachProducts()[pri:3, instance:com.TestCase.searchProduct@479d31f3]" started-at="2024-07-05T11:16:32 IST" name="serachProducts" finished-at="2024-07-05T11:16:40 IST" duration-ms="8502" status="PASS">
          <reporter-output>
          </reporter-output>
        </test-method> <!-- serachProducts -->
        <test-method is-config="true" signature="tearDown()[pri:0, instance:com.TestCase.searchProduct@479d31f3]" started-at="2024-07-05T11:16:40 IST" name="tearDown" finished-at="2024-07-05T11:16:40 IST" duration-ms="0" status="PASS">
          <reporter-output>
          </reporter-output>
        </test-method> <!-- tearDown -->
      </class> <!-- com.TestCase.searchProduct -->
      <class name="com.TestCase.verifyLogin">
        <test-method is-config="true" signature="setUp()[pri:0, instance:com.TestCase.verifyLogin@333291e3]" started-at="2024-07-05T11:16:01 IST" name="setUp" finished-at="2024-07-05T11:16:15 IST" duration-ms="13800" status="PASS">
          <reporter-output>
          </reporter-output>
        </test-method> <!-- setUp -->
        <test-method signature="verifylogin()[pri:2, instance:com.TestCase.verifyLogin@333291e3]" started-at="2024-07-05T11:16:15 IST" name="verifylogin" finished-at="2024-07-05T11:16:19 IST" duration-ms="3832" status="PASS">
          <reporter-output>
          </reporter-output>
        </test-method> <!-- verifylogin -->
        <test-method is-config="true" signature="tearDown()[pri:0, instance:com.TestCase.verifyLogin@333291e3]" started-at="2024-07-05T11:16:19 IST" name="tearDown" finished-at="2024-07-05T11:16:19 IST" duration-ms="1" status="PASS">
          <reporter-output>
          </reporter-output>
        </test-method> <!-- tearDown -->
      </class> <!-- com.TestCase.verifyLogin -->
      <class name="com.TestCase.buyProduct">
        <test-method is-config="true" signature="setUp()[pri:0, instance:com.TestCase.buyProduct@40ef3420]" started-at="2024-07-05T11:16:40 IST" name="setUp" finished-at="2024-07-05T11:16:53 IST" duration-ms="12874" status="PASS">
          <reporter-output>
          </reporter-output>
        </test-method> <!-- setUp -->
        <test-method signature="BuyProduct()[pri:4, instance:com.TestCase.buyProduct@40ef3420]" started-at="2024-07-05T11:16:53 IST" name="BuyProduct" finished-at="2024-07-05T11:17:00 IST" duration-ms="6471" status="PASS">
          <reporter-output>
          </reporter-output>
        </test-method> <!-- BuyProduct -->
        <test-method is-config="true" signature="tearDown()[pri:0, instance:com.TestCase.buyProduct@40ef3420]" started-at="2024-07-05T11:17:00 IST" name="tearDown" finished-at="2024-07-05T11:17:00 IST" duration-ms="1" status="PASS">
          <reporter-output>
          </reporter-output>
        </test-method> <!-- tearDown -->
      </class> <!-- com.TestCase.buyProduct -->
      <class name="com.TestCase.indexPage">
        <test-method is-config="true" signature="setUp()[pri:0, instance:com.TestCase.indexPage@192d43ce]" started-at="2024-07-05T11:15:36 IST" name="setUp" finished-at="2024-07-05T11:15:48 IST" duration-ms="12242" status="PASS">
          <reporter-output>
          </reporter-output>
        </test-method> <!-- setUp -->
        <test-method signature="VerifyRegister()[pri:1, instance:com.TestCase.indexPage@192d43ce]" started-at="2024-07-05T11:15:48 IST" name="VerifyRegister" finished-at="2024-07-05T11:16:01 IST" duration-ms="12985" status="PASS">
          <reporter-output>
          </reporter-output>
        </test-method> <!-- VerifyRegister -->
        <test-method is-config="true" signature="tearDown()[pri:0, instance:com.TestCase.indexPage@192d43ce]" started-at="2024-07-05T11:16:01 IST" name="tearDown" finished-at="2024-07-05T11:16:01 IST" duration-ms="2" status="PASS">
          <reporter-output>
          </reporter-output>
        </test-method> <!-- tearDown -->
      </class> <!-- com.TestCase.indexPage -->
    </test> <!-- Test -->
  </suite> <!-- Suite -->
</testng-results>
